mode: atomic
github.com/hasan-kayan/TaskGo/main.go:37.13,55.22 6 0
github.com/hasan-kayan/TaskGo/main.go:55.22,57.3 1 0
github.com/hasan-kayan/TaskGo/main.go:59.2,66.22 6 0
github.com/hasan-kayan/TaskGo/main.go:66.22,68.3 1 0
github.com/hasan-kayan/TaskGo/main.go:71.2,84.12 3 0
github.com/hasan-kayan/TaskGo/main.go:84.12,86.77 2 0
github.com/hasan-kayan/TaskGo/main.go:86.77,88.4 1 0
github.com/hasan-kayan/TaskGo/main.go:92.2,99.42 7 0
github.com/hasan-kayan/TaskGo/main.go:99.42,101.3 1 0
github.com/hasan-kayan/TaskGo/main.go:103.2,103.43 1 0
github.com/hasan-kayan/TaskGo/main.go:107.42,108.34 1 0
github.com/hasan-kayan/TaskGo/main.go:108.34,110.3 1 0
github.com/hasan-kayan/TaskGo/main.go:111.2,111.17 1 0
github.com/hasan-kayan/TaskGo/handlers/book_handler.go:19.31,24.36 3 0
github.com/hasan-kayan/TaskGo/handlers/book_handler.go:24.36,26.3 1 0
github.com/hasan-kayan/TaskGo/handlers/book_handler.go:27.2,27.37 1 0
github.com/hasan-kayan/TaskGo/handlers/book_handler.go:27.37,29.3 1 0
github.com/hasan-kayan/TaskGo/handlers/book_handler.go:30.2,30.35 1 0
github.com/hasan-kayan/TaskGo/handlers/book_handler.go:30.35,32.3 1 0
github.com/hasan-kayan/TaskGo/handlers/book_handler.go:33.2,33.35 1 0
github.com/hasan-kayan/TaskGo/handlers/book_handler.go:33.35,35.3 1 0
github.com/hasan-kayan/TaskGo/handlers/book_handler.go:37.2,38.44 2 0
github.com/hasan-kayan/TaskGo/handlers/book_handler.go:45.30,47.16 2 0
github.com/hasan-kayan/TaskGo/handlers/book_handler.go:47.16,50.3 2 0
github.com/hasan-kayan/TaskGo/handlers/book_handler.go:52.2,53.69 2 0
github.com/hasan-kayan/TaskGo/handlers/book_handler.go:53.69,56.3 2 0
github.com/hasan-kayan/TaskGo/handlers/book_handler.go:58.2,58.43 1 0
github.com/hasan-kayan/TaskGo/handlers/book_handler.go:65.33,67.51 2 0
github.com/hasan-kayan/TaskGo/handlers/book_handler.go:67.51,70.3 2 0
github.com/hasan-kayan/TaskGo/handlers/book_handler.go:72.2,72.28 1 0
github.com/hasan-kayan/TaskGo/handlers/book_handler.go:72.28,74.3 1 0
github.com/hasan-kayan/TaskGo/handlers/book_handler.go:76.2,76.53 1 0
github.com/hasan-kayan/TaskGo/handlers/book_handler.go:76.53,79.3 2 0
github.com/hasan-kayan/TaskGo/handlers/book_handler.go:81.2,82.51 2 0
github.com/hasan-kayan/TaskGo/handlers/book_handler.go:89.33,91.16 2 0
github.com/hasan-kayan/TaskGo/handlers/book_handler.go:91.16,94.3 2 0
github.com/hasan-kayan/TaskGo/handlers/book_handler.go:97.2,98.76 2 0
github.com/hasan-kayan/TaskGo/handlers/book_handler.go:98.76,101.3 2 0
github.com/hasan-kayan/TaskGo/handlers/book_handler.go:104.2,105.49 2 0
github.com/hasan-kayan/TaskGo/handlers/book_handler.go:105.49,108.3 2 0
github.com/hasan-kayan/TaskGo/handlers/book_handler.go:111.2,114.53 2 0
github.com/hasan-kayan/TaskGo/handlers/book_handler.go:114.53,117.3 2 0
github.com/hasan-kayan/TaskGo/handlers/book_handler.go:119.2,119.46 1 0
github.com/hasan-kayan/TaskGo/handlers/book_handler.go:126.33,128.16 2 0
github.com/hasan-kayan/TaskGo/handlers/book_handler.go:128.16,131.3 2 0
github.com/hasan-kayan/TaskGo/handlers/book_handler.go:133.2,134.73 2 0
github.com/hasan-kayan/TaskGo/handlers/book_handler.go:134.73,137.3 2 0
github.com/hasan-kayan/TaskGo/handlers/book_handler.go:139.2,140.86 2 0
github.com/hasan-kayan/TaskGo/handlers/health_handler.go:16.34,20.2 1 0
github.com/hasan-kayan/TaskGo/handlers/url_handler.go:31.33,33.47 2 0
github.com/hasan-kayan/TaskGo/handlers/url_handler.go:33.47,36.3 2 0
github.com/hasan-kayan/TaskGo/handlers/url_handler.go:38.2,39.16 2 0
github.com/hasan-kayan/TaskGo/handlers/url_handler.go:39.16,42.3 2 0
github.com/hasan-kayan/TaskGo/handlers/url_handler.go:44.2,44.23 1 0
github.com/hasan-kayan/TaskGo/handlers/url_handler.go:45.19,46.28 1 0
github.com/hasan-kayan/TaskGo/handlers/url_handler.go:47.21,48.30 1 0
github.com/hasan-kayan/TaskGo/handlers/url_handler.go:49.13,51.30 2 0
github.com/hasan-kayan/TaskGo/handlers/url_handler.go:52.10,54.9 2 0
github.com/hasan-kayan/TaskGo/handlers/url_handler.go:57.2,57.70 1 0
github.com/hasan-kayan/TaskGo/handlers/url_handler.go:60.33,64.2 3 0
github.com/hasan-kayan/TaskGo/handlers/url_handler.go:66.35,70.2 3 0
github.com/hasan-kayan/TaskGo/database/db.go:42.18,57.16 5 0
github.com/hasan-kayan/TaskGo/database/db.go:57.16,59.3 1 0
github.com/hasan-kayan/TaskGo/database/db.go:61.2,61.17 1 0
github.com/hasan-kayan/TaskGo/database/db.go:61.17,62.56 1 0
github.com/hasan-kayan/TaskGo/database/db.go:62.56,64.4 1 0
github.com/hasan-kayan/TaskGo/database/db.go:67.2,68.50 2 0
github.com/hasan-kayan/TaskGo/database/db.go:75.39,76.49 1 0
github.com/hasan-kayan/TaskGo/database/db.go:77.26,78.20 1 0
github.com/hasan-kayan/TaskGo/database/db.go:79.35,80.38 1 0
github.com/hasan-kayan/TaskGo/database/db.go:81.24,82.37 1 0
github.com/hasan-kayan/TaskGo/database/db.go:83.10,84.13 1 0
github.com/hasan-kayan/TaskGo/database/db.go:88.49,89.30 1 0
github.com/hasan-kayan/TaskGo/database/db.go:90.16,91.24 1 0
github.com/hasan-kayan/TaskGo/database/db.go:92.15,93.23 1 0
github.com/hasan-kayan/TaskGo/database/db.go:94.14,95.22 1 0
github.com/hasan-kayan/TaskGo/database/db.go:96.10,97.22 1 0
github.com/hasan-kayan/TaskGo/docs/docs.go:356.13,358.2 1 0
github.com/hasan-kayan/TaskGo/middleware/logger.go:10.31,11.30 1 0
github.com/hasan-kayan/TaskGo/middleware/logger.go:11.30,23.3 4 0
github.com/hasan-kayan/TaskGo/middleware/rate_limiter.go:24.41,26.26 2 0
github.com/hasan-kayan/TaskGo/middleware/rate_limiter.go:26.26,28.3 1 0
github.com/hasan-kayan/TaskGo/middleware/rate_limiter.go:29.2,29.10 1 0
github.com/hasan-kayan/TaskGo/middleware/rate_limiter.go:46.42,50.31 3 0
github.com/hasan-kayan/TaskGo/middleware/rate_limiter.go:50.31,53.3 2 0
github.com/hasan-kayan/TaskGo/middleware/rate_limiter.go:55.2,57.12 3 0
github.com/hasan-kayan/TaskGo/middleware/rate_limiter.go:64.13,65.12 1 0
github.com/hasan-kayan/TaskGo/middleware/rate_limiter.go:65.12,67.22 2 0
github.com/hasan-kayan/TaskGo/middleware/rate_limiter.go:67.22,69.32 2 0
github.com/hasan-kayan/TaskGo/middleware/rate_limiter.go:69.32,70.42 1 0
github.com/hasan-kayan/TaskGo/middleware/rate_limiter.go:70.42,72.6 1 0
github.com/hasan-kayan/TaskGo/middleware/rate_limiter.go:74.4,74.15 1 0
github.com/hasan-kayan/TaskGo/middleware/rate_limiter.go:87.36,88.30 1 0
github.com/hasan-kayan/TaskGo/middleware/rate_limiter.go:88.30,90.17 2 0
github.com/hasan-kayan/TaskGo/middleware/rate_limiter.go:90.17,92.4 1 0
github.com/hasan-kayan/TaskGo/middleware/rate_limiter.go:94.3,94.30 1 0
github.com/hasan-kayan/TaskGo/middleware/rate_limiter.go:94.30,100.4 2 0
github.com/hasan-kayan/TaskGo/middleware/rate_limiter.go:102.3,102.11 1 0
github.com/hasan-kayan/TaskGo/routes/routes.go:9.33,13.2 3 0
github.com/hasan-kayan/TaskGo/routes/routes.go:16.42,18.2 1 0
github.com/hasan-kayan/TaskGo/routes/routes.go:21.40,23.2 2 0
github.com/hasan-kayan/TaskGo/routes/routes.go:23.2,29.3 5 0
github.com/hasan-kayan/TaskGo/routes/routes.go:33.43,35.2 1 0
github.com/hasan-kayan/TaskGo/models/book.go:10.54,11.22 1 0
github.com/hasan-kayan/TaskGo/models/book.go:11.22,13.3 1 0
github.com/hasan-kayan/TaskGo/models/book.go:14.2,14.8 1 0
github.com/hasan-kayan/TaskGo/utils/response.go:5.64,10.2 1 0
github.com/hasan-kayan/TaskGo/utils/response.go:12.60,17.2 1 0
github.com/hasan-kayan/TaskGo/utils/validation.go:11.41,13.2 1 0
github.com/hasan-kayan/TaskGo/main.go:37.13,55.22 6 0
github.com/hasan-kayan/TaskGo/main.go:55.22,57.3 1 0
github.com/hasan-kayan/TaskGo/main.go:59.2,66.22 6 0
github.com/hasan-kayan/TaskGo/main.go:66.22,68.3 1 0
github.com/hasan-kayan/TaskGo/main.go:71.2,84.12 3 0
github.com/hasan-kayan/TaskGo/main.go:84.12,86.77 2 0
github.com/hasan-kayan/TaskGo/main.go:86.77,88.4 1 0
github.com/hasan-kayan/TaskGo/main.go:92.2,99.42 7 0
github.com/hasan-kayan/TaskGo/main.go:99.42,101.3 1 0
github.com/hasan-kayan/TaskGo/main.go:103.2,103.43 1 0
github.com/hasan-kayan/TaskGo/main.go:107.42,108.34 1 0
github.com/hasan-kayan/TaskGo/main.go:108.34,110.3 1 0
github.com/hasan-kayan/TaskGo/main.go:111.2,111.17 1 0
github.com/hasan-kayan/TaskGo/database/db.go:42.18,57.16 5 1
github.com/hasan-kayan/TaskGo/database/db.go:57.16,59.3 1 0
github.com/hasan-kayan/TaskGo/database/db.go:61.2,61.17 1 1
github.com/hasan-kayan/TaskGo/database/db.go:61.17,62.56 1 1
github.com/hasan-kayan/TaskGo/database/db.go:62.56,64.4 1 0
github.com/hasan-kayan/TaskGo/database/db.go:67.2,68.50 2 1
github.com/hasan-kayan/TaskGo/database/db.go:75.39,76.49 1 1
github.com/hasan-kayan/TaskGo/database/db.go:77.26,78.20 1 0
github.com/hasan-kayan/TaskGo/database/db.go:79.35,80.38 1 0
github.com/hasan-kayan/TaskGo/database/db.go:81.24,82.37 1 0
github.com/hasan-kayan/TaskGo/database/db.go:83.10,84.13 1 1
github.com/hasan-kayan/TaskGo/database/db.go:88.49,89.30 1 1
github.com/hasan-kayan/TaskGo/database/db.go:90.16,91.24 1 0
github.com/hasan-kayan/TaskGo/database/db.go:92.15,93.23 1 0
github.com/hasan-kayan/TaskGo/database/db.go:94.14,95.22 1 0
github.com/hasan-kayan/TaskGo/database/db.go:96.10,97.22 1 1
github.com/hasan-kayan/TaskGo/docs/docs.go:356.13,358.2 1 0
github.com/hasan-kayan/TaskGo/handlers/book_handler.go:19.31,24.36 3 1
github.com/hasan-kayan/TaskGo/handlers/book_handler.go:24.36,26.3 1 1
github.com/hasan-kayan/TaskGo/handlers/book_handler.go:27.2,27.37 1 1
github.com/hasan-kayan/TaskGo/handlers/book_handler.go:27.37,29.3 1 0
github.com/hasan-kayan/TaskGo/handlers/book_handler.go:30.2,30.35 1 1
github.com/hasan-kayan/TaskGo/handlers/book_handler.go:30.35,32.3 1 0
github.com/hasan-kayan/TaskGo/handlers/book_handler.go:33.2,33.35 1 1
github.com/hasan-kayan/TaskGo/handlers/book_handler.go:33.35,35.3 1 0
github.com/hasan-kayan/TaskGo/handlers/book_handler.go:37.2,38.44 2 1
github.com/hasan-kayan/TaskGo/handlers/book_handler.go:45.30,47.16 2 3
github.com/hasan-kayan/TaskGo/handlers/book_handler.go:47.16,50.3 2 0
github.com/hasan-kayan/TaskGo/handlers/book_handler.go:52.2,53.69 2 3
github.com/hasan-kayan/TaskGo/handlers/book_handler.go:53.69,56.3 2 1
github.com/hasan-kayan/TaskGo/handlers/book_handler.go:58.2,58.43 1 2
github.com/hasan-kayan/TaskGo/handlers/book_handler.go:65.33,67.51 2 2
github.com/hasan-kayan/TaskGo/handlers/book_handler.go:67.51,70.3 2 0
github.com/hasan-kayan/TaskGo/handlers/book_handler.go:72.2,72.28 1 2
github.com/hasan-kayan/TaskGo/handlers/book_handler.go:72.28,74.3 1 2
github.com/hasan-kayan/TaskGo/handlers/book_handler.go:76.2,76.53 1 2
github.com/hasan-kayan/TaskGo/handlers/book_handler.go:76.53,79.3 2 0
github.com/hasan-kayan/TaskGo/handlers/book_handler.go:81.2,82.51 2 2
github.com/hasan-kayan/TaskGo/handlers/book_handler.go:89.33,91.16 2 2
github.com/hasan-kayan/TaskGo/handlers/book_handler.go:91.16,94.3 2 0
github.com/hasan-kayan/TaskGo/handlers/book_handler.go:97.2,98.76 2 2
github.com/hasan-kayan/TaskGo/handlers/book_handler.go:98.76,101.3 2 0
github.com/hasan-kayan/TaskGo/handlers/book_handler.go:104.2,105.49 2 2
github.com/hasan-kayan/TaskGo/handlers/book_handler.go:105.49,108.3 2 1
github.com/hasan-kayan/TaskGo/handlers/book_handler.go:111.2,114.53 2 1
github.com/hasan-kayan/TaskGo/handlers/book_handler.go:114.53,117.3 2 0
github.com/hasan-kayan/TaskGo/handlers/book_handler.go:119.2,119.46 1 1
github.com/hasan-kayan/TaskGo/handlers/book_handler.go:126.33,128.16 2 2
github.com/hasan-kayan/TaskGo/handlers/book_handler.go:128.16,131.3 2 0
github.com/hasan-kayan/TaskGo/handlers/book_handler.go:133.2,134.73 2 2
github.com/hasan-kayan/TaskGo/handlers/book_handler.go:134.73,137.3 2 0
github.com/hasan-kayan/TaskGo/handlers/book_handler.go:139.2,140.86 2 2
github.com/hasan-kayan/TaskGo/handlers/health_handler.go:16.34,20.2 1 0
github.com/hasan-kayan/TaskGo/handlers/url_handler.go:31.33,33.47 2 4
github.com/hasan-kayan/TaskGo/handlers/url_handler.go:33.47,36.3 2 2
github.com/hasan-kayan/TaskGo/handlers/url_handler.go:38.2,39.16 2 2
github.com/hasan-kayan/TaskGo/handlers/url_handler.go:39.16,42.3 2 0
github.com/hasan-kayan/TaskGo/handlers/url_handler.go:44.2,44.23 1 2
github.com/hasan-kayan/TaskGo/handlers/url_handler.go:45.19,46.28 1 1
github.com/hasan-kayan/TaskGo/handlers/url_handler.go:47.21,48.30 1 1
github.com/hasan-kayan/TaskGo/handlers/url_handler.go:49.13,51.30 2 0
github.com/hasan-kayan/TaskGo/handlers/url_handler.go:52.10,54.9 2 0
github.com/hasan-kayan/TaskGo/handlers/url_handler.go:57.2,57.70 1 2
github.com/hasan-kayan/TaskGo/handlers/url_handler.go:60.33,64.2 3 1
github.com/hasan-kayan/TaskGo/handlers/url_handler.go:66.35,70.2 3 1
github.com/hasan-kayan/TaskGo/middleware/logger.go:10.31,11.30 1 0
github.com/hasan-kayan/TaskGo/middleware/logger.go:11.30,23.3 4 0
github.com/hasan-kayan/TaskGo/middleware/rate_limiter.go:24.41,26.26 2 2
github.com/hasan-kayan/TaskGo/middleware/rate_limiter.go:26.26,28.3 1 2
github.com/hasan-kayan/TaskGo/middleware/rate_limiter.go:29.2,29.10 1 0
github.com/hasan-kayan/TaskGo/middleware/rate_limiter.go:46.42,50.31 3 3
github.com/hasan-kayan/TaskGo/middleware/rate_limiter.go:50.31,53.3 2 2
github.com/hasan-kayan/TaskGo/middleware/rate_limiter.go:55.2,57.12 3 1
github.com/hasan-kayan/TaskGo/middleware/rate_limiter.go:64.13,65.12 1 1
github.com/hasan-kayan/TaskGo/middleware/rate_limiter.go:65.12,67.22 2 1
github.com/hasan-kayan/TaskGo/middleware/rate_limiter.go:67.22,69.32 2 0
github.com/hasan-kayan/TaskGo/middleware/rate_limiter.go:69.32,70.42 1 0
github.com/hasan-kayan/TaskGo/middleware/rate_limiter.go:70.42,72.6 1 0
github.com/hasan-kayan/TaskGo/middleware/rate_limiter.go:74.4,74.15 1 0
github.com/hasan-kayan/TaskGo/middleware/rate_limiter.go:87.36,88.30 1 1
github.com/hasan-kayan/TaskGo/middleware/rate_limiter.go:88.30,90.17 2 3
github.com/hasan-kayan/TaskGo/middleware/rate_limiter.go:90.17,92.4 1 0
github.com/hasan-kayan/TaskGo/middleware/rate_limiter.go:94.3,94.30 1 3
github.com/hasan-kayan/TaskGo/middleware/rate_limiter.go:94.30,100.4 2 0
github.com/hasan-kayan/TaskGo/middleware/rate_limiter.go:102.3,102.11 1 3
github.com/hasan-kayan/TaskGo/models/book.go:10.54,11.22 1 4
github.com/hasan-kayan/TaskGo/models/book.go:11.22,13.3 1 0
github.com/hasan-kayan/TaskGo/models/book.go:14.2,14.8 1 4
github.com/hasan-kayan/TaskGo/routes/routes.go:9.33,13.2 3 1
github.com/hasan-kayan/TaskGo/routes/routes.go:16.42,18.2 1 1
github.com/hasan-kayan/TaskGo/routes/routes.go:21.40,23.2 2 1
github.com/hasan-kayan/TaskGo/routes/routes.go:23.2,29.3 5 1
github.com/hasan-kayan/TaskGo/routes/routes.go:33.43,35.2 1 1
github.com/hasan-kayan/TaskGo/tests/test_helpers.go:11.20,12.24 1 6
github.com/hasan-kayan/TaskGo/tests/test_helpers.go:12.24,14.3 1 5
github.com/hasan-kayan/TaskGo/tests/test_helpers.go:15.2,16.16 2 1
github.com/hasan-kayan/TaskGo/tests/test_helpers.go:16.16,17.52 1 0
github.com/hasan-kayan/TaskGo/tests/test_helpers.go:20.2,23.36 2 1
github.com/hasan-kayan/TaskGo/utils/response.go:5.64,10.2 1 8
github.com/hasan-kayan/TaskGo/utils/response.go:12.60,17.2 1 2
github.com/hasan-kayan/TaskGo/utils/validation.go:11.41,13.2 1 3
