mode: set
github.com/hasan-kayan/TaskGo/models/book.go:10.54,11.22 1 0
github.com/hasan-kayan/TaskGo/models/book.go:11.22,13.3 1 0
github.com/hasan-kayan/TaskGo/models/book.go:14.2,14.8 1 0
github.com/hasan-kayan/TaskGo/main.go:29.13,54.12 11 0
github.com/hasan-kayan/TaskGo/main.go:54.12,56.77 2 0
github.com/hasan-kayan/TaskGo/main.go:56.77,58.4 1 0
github.com/hasan-kayan/TaskGo/main.go:62.2,69.42 7 0
github.com/hasan-kayan/TaskGo/main.go:69.42,71.3 1 0
github.com/hasan-kayan/TaskGo/main.go:73.2,73.45 1 0
github.com/hasan-kayan/TaskGo/docs/docs.go:356.13,358.2 1 0
github.com/hasan-kayan/TaskGo/database/db.go:25.18,27.15 2 0
github.com/hasan-kayan/TaskGo/database/db.go:27.15,29.3 1 0
github.com/hasan-kayan/TaskGo/database/db.go:30.2,31.16 2 0
github.com/hasan-kayan/TaskGo/database/db.go:31.16,33.3 1 0
github.com/hasan-kayan/TaskGo/database/db.go:34.2,34.55 1 0
github.com/hasan-kayan/TaskGo/database/db.go:34.55,36.3 1 0
github.com/hasan-kayan/TaskGo/database/db.go:37.2,37.9 1 0
github.com/hasan-kayan/TaskGo/handlers/book_handler.go:30.31,35.36 3 0
github.com/hasan-kayan/TaskGo/handlers/book_handler.go:35.36,37.3 1 0
github.com/hasan-kayan/TaskGo/handlers/book_handler.go:38.2,38.37 1 0
github.com/hasan-kayan/TaskGo/handlers/book_handler.go:38.37,40.3 1 0
github.com/hasan-kayan/TaskGo/handlers/book_handler.go:41.2,41.35 1 0
github.com/hasan-kayan/TaskGo/handlers/book_handler.go:41.35,43.3 1 0
github.com/hasan-kayan/TaskGo/handlers/book_handler.go:44.2,44.35 1 0
github.com/hasan-kayan/TaskGo/handlers/book_handler.go:44.35,46.3 1 0
github.com/hasan-kayan/TaskGo/handlers/book_handler.go:48.2,49.44 2 0
github.com/hasan-kayan/TaskGo/handlers/book_handler.go:65.30,67.16 2 0
github.com/hasan-kayan/TaskGo/handlers/book_handler.go:67.16,70.3 2 0
github.com/hasan-kayan/TaskGo/handlers/book_handler.go:72.2,73.71 2 0
github.com/hasan-kayan/TaskGo/handlers/book_handler.go:73.71,76.3 2 0
github.com/hasan-kayan/TaskGo/handlers/book_handler.go:77.2,77.45 1 0
github.com/hasan-kayan/TaskGo/handlers/book_handler.go:94.33,97.49 2 0
github.com/hasan-kayan/TaskGo/handlers/book_handler.go:97.49,100.3 2 0
github.com/hasan-kayan/TaskGo/handlers/book_handler.go:103.2,103.26 1 0
github.com/hasan-kayan/TaskGo/handlers/book_handler.go:103.26,105.3 1 0
github.com/hasan-kayan/TaskGo/handlers/book_handler.go:107.2,107.51 1 0
github.com/hasan-kayan/TaskGo/handlers/book_handler.go:107.51,110.3 2 0
github.com/hasan-kayan/TaskGo/handlers/book_handler.go:112.2,113.49 2 0
github.com/hasan-kayan/TaskGo/handlers/book_handler.go:132.33,134.16 2 0
github.com/hasan-kayan/TaskGo/handlers/book_handler.go:134.16,137.3 2 0
github.com/hasan-kayan/TaskGo/handlers/book_handler.go:140.2,141.73 2 0
github.com/hasan-kayan/TaskGo/handlers/book_handler.go:141.73,144.3 2 0
github.com/hasan-kayan/TaskGo/handlers/book_handler.go:147.2,148.46 2 0
github.com/hasan-kayan/TaskGo/handlers/book_handler.go:148.46,151.3 2 0
github.com/hasan-kayan/TaskGo/handlers/book_handler.go:152.2,152.48 1 0
github.com/hasan-kayan/TaskGo/handlers/book_handler.go:152.48,155.3 2 0
github.com/hasan-kayan/TaskGo/handlers/book_handler.go:158.2,161.46 3 0
github.com/hasan-kayan/TaskGo/handlers/book_handler.go:177.33,179.16 2 0
github.com/hasan-kayan/TaskGo/handlers/book_handler.go:179.16,182.3 2 0
github.com/hasan-kayan/TaskGo/handlers/book_handler.go:184.2,185.67 2 0
github.com/hasan-kayan/TaskGo/handlers/book_handler.go:185.67,188.3 2 0
github.com/hasan-kayan/TaskGo/handlers/book_handler.go:190.2,191.86 2 0
github.com/hasan-kayan/TaskGo/handlers/health_handler.go:16.34,20.2 1 0
github.com/hasan-kayan/TaskGo/handlers/url_handler.go:31.33,33.47 2 0
github.com/hasan-kayan/TaskGo/handlers/url_handler.go:33.47,36.3 2 0
github.com/hasan-kayan/TaskGo/handlers/url_handler.go:38.2,39.16 2 0
github.com/hasan-kayan/TaskGo/handlers/url_handler.go:39.16,42.3 2 0
github.com/hasan-kayan/TaskGo/handlers/url_handler.go:44.2,44.23 1 0
github.com/hasan-kayan/TaskGo/handlers/url_handler.go:45.19,46.28 1 0
github.com/hasan-kayan/TaskGo/handlers/url_handler.go:47.21,48.30 1 0
github.com/hasan-kayan/TaskGo/handlers/url_handler.go:49.13,51.30 2 0
github.com/hasan-kayan/TaskGo/handlers/url_handler.go:52.10,54.9 2 0
github.com/hasan-kayan/TaskGo/handlers/url_handler.go:57.2,57.70 1 0
github.com/hasan-kayan/TaskGo/handlers/url_handler.go:60.33,64.2 3 0
github.com/hasan-kayan/TaskGo/handlers/url_handler.go:66.35,70.2 3 0
github.com/hasan-kayan/TaskGo/routes/routes.go:8.33,12.2 3 0
github.com/hasan-kayan/TaskGo/routes/routes.go:13.42,15.2 1 0
github.com/hasan-kayan/TaskGo/routes/routes.go:16.40,18.2 2 0
github.com/hasan-kayan/TaskGo/routes/routes.go:18.2,24.3 5 0
github.com/hasan-kayan/TaskGo/routes/routes.go:27.43,29.2 1 0
github.com/hasan-kayan/TaskGo/middleware/logger.go:10.31,11.30 1 0
github.com/hasan-kayan/TaskGo/middleware/logger.go:11.30,23.3 4 0
github.com/hasan-kayan/TaskGo/middleware/rate_limiter.go:26.42,31.13 4 0
github.com/hasan-kayan/TaskGo/middleware/rate_limiter.go:31.13,36.3 3 0
github.com/hasan-kayan/TaskGo/middleware/rate_limiter.go:38.2,39.18 2 0
github.com/hasan-kayan/TaskGo/middleware/rate_limiter.go:43.13,44.12 1 0
github.com/hasan-kayan/TaskGo/middleware/rate_limiter.go:44.12,45.7 1 0
github.com/hasan-kayan/TaskGo/middleware/rate_limiter.go:45.7,48.32 3 0
github.com/hasan-kayan/TaskGo/middleware/rate_limiter.go:48.32,49.47 1 0
github.com/hasan-kayan/TaskGo/middleware/rate_limiter.go:49.47,51.6 1 0
github.com/hasan-kayan/TaskGo/middleware/rate_limiter.go:53.4,53.15 1 0
github.com/hasan-kayan/TaskGo/middleware/rate_limiter.go:59.36,60.30 1 0
github.com/hasan-kayan/TaskGo/middleware/rate_limiter.go:60.30,63.17 2 0
github.com/hasan-kayan/TaskGo/middleware/rate_limiter.go:63.17,65.4 1 0
github.com/hasan-kayan/TaskGo/middleware/rate_limiter.go:67.3,68.23 2 0
github.com/hasan-kayan/TaskGo/middleware/rate_limiter.go:68.23,74.4 2 0
github.com/hasan-kayan/TaskGo/middleware/rate_limiter.go:76.3,76.11 1 0
github.com/hasan-kayan/TaskGo/utils/response.go:5.64,10.2 1 0
github.com/hasan-kayan/TaskGo/utils/response.go:12.60,17.2 1 0
github.com/hasan-kayan/TaskGo/utils/validation.go:11.41,13.2 1 0
github.com/hasan-kayan/TaskGo/main.go:29.13,54.12 11 0
github.com/hasan-kayan/TaskGo/main.go:54.12,56.77 2 0
github.com/hasan-kayan/TaskGo/main.go:56.77,58.4 1 0
github.com/hasan-kayan/TaskGo/main.go:62.2,69.42 7 0
github.com/hasan-kayan/TaskGo/main.go:69.42,71.3 1 0
github.com/hasan-kayan/TaskGo/main.go:73.2,73.45 1 0
github.com/hasan-kayan/TaskGo/database/db.go:25.18,27.15 2 1
github.com/hasan-kayan/TaskGo/database/db.go:27.15,29.3 1 0
github.com/hasan-kayan/TaskGo/database/db.go:30.2,31.16 2 1
github.com/hasan-kayan/TaskGo/database/db.go:31.16,33.3 1 0
github.com/hasan-kayan/TaskGo/database/db.go:34.2,34.55 1 1
github.com/hasan-kayan/TaskGo/database/db.go:34.55,36.3 1 0
github.com/hasan-kayan/TaskGo/database/db.go:37.2,37.9 1 1
github.com/hasan-kayan/TaskGo/docs/docs.go:356.13,358.2 1 0
github.com/hasan-kayan/TaskGo/handlers/book_handler.go:30.31,35.36 3 1
github.com/hasan-kayan/TaskGo/handlers/book_handler.go:35.36,37.3 1 1
github.com/hasan-kayan/TaskGo/handlers/book_handler.go:38.2,38.37 1 1
github.com/hasan-kayan/TaskGo/handlers/book_handler.go:38.37,40.3 1 0
github.com/hasan-kayan/TaskGo/handlers/book_handler.go:41.2,41.35 1 1
github.com/hasan-kayan/TaskGo/handlers/book_handler.go:41.35,43.3 1 0
github.com/hasan-kayan/TaskGo/handlers/book_handler.go:44.2,44.35 1 1
github.com/hasan-kayan/TaskGo/handlers/book_handler.go:44.35,46.3 1 0
github.com/hasan-kayan/TaskGo/handlers/book_handler.go:48.2,49.44 2 1
github.com/hasan-kayan/TaskGo/handlers/book_handler.go:65.30,67.16 2 1
github.com/hasan-kayan/TaskGo/handlers/book_handler.go:67.16,70.3 2 0
github.com/hasan-kayan/TaskGo/handlers/book_handler.go:72.2,73.71 2 1
github.com/hasan-kayan/TaskGo/handlers/book_handler.go:73.71,76.3 2 1
github.com/hasan-kayan/TaskGo/handlers/book_handler.go:77.2,77.45 1 1
github.com/hasan-kayan/TaskGo/handlers/book_handler.go:94.33,97.49 2 1
github.com/hasan-kayan/TaskGo/handlers/book_handler.go:97.49,100.3 2 0
github.com/hasan-kayan/TaskGo/handlers/book_handler.go:103.2,103.26 1 1
github.com/hasan-kayan/TaskGo/handlers/book_handler.go:103.26,105.3 1 1
github.com/hasan-kayan/TaskGo/handlers/book_handler.go:107.2,107.51 1 1
github.com/hasan-kayan/TaskGo/handlers/book_handler.go:107.51,110.3 2 0
github.com/hasan-kayan/TaskGo/handlers/book_handler.go:112.2,113.49 2 1
github.com/hasan-kayan/TaskGo/handlers/book_handler.go:132.33,134.16 2 1
github.com/hasan-kayan/TaskGo/handlers/book_handler.go:134.16,137.3 2 0
github.com/hasan-kayan/TaskGo/handlers/book_handler.go:140.2,141.73 2 1
github.com/hasan-kayan/TaskGo/handlers/book_handler.go:141.73,144.3 2 0
github.com/hasan-kayan/TaskGo/handlers/book_handler.go:147.2,148.46 2 1
github.com/hasan-kayan/TaskGo/handlers/book_handler.go:148.46,151.3 2 1
github.com/hasan-kayan/TaskGo/handlers/book_handler.go:152.2,152.48 1 1
github.com/hasan-kayan/TaskGo/handlers/book_handler.go:152.48,155.3 2 0
github.com/hasan-kayan/TaskGo/handlers/book_handler.go:158.2,161.46 3 1
github.com/hasan-kayan/TaskGo/handlers/book_handler.go:177.33,179.16 2 1
github.com/hasan-kayan/TaskGo/handlers/book_handler.go:179.16,182.3 2 0
github.com/hasan-kayan/TaskGo/handlers/book_handler.go:184.2,185.67 2 1
github.com/hasan-kayan/TaskGo/handlers/book_handler.go:185.67,188.3 2 0
github.com/hasan-kayan/TaskGo/handlers/book_handler.go:190.2,191.86 2 1
github.com/hasan-kayan/TaskGo/handlers/health_handler.go:16.34,20.2 1 0
github.com/hasan-kayan/TaskGo/handlers/url_handler.go:31.33,33.47 2 1
github.com/hasan-kayan/TaskGo/handlers/url_handler.go:33.47,36.3 2 1
github.com/hasan-kayan/TaskGo/handlers/url_handler.go:38.2,39.16 2 1
github.com/hasan-kayan/TaskGo/handlers/url_handler.go:39.16,42.3 2 0
github.com/hasan-kayan/TaskGo/handlers/url_handler.go:44.2,44.23 1 1
github.com/hasan-kayan/TaskGo/handlers/url_handler.go:45.19,46.28 1 1
github.com/hasan-kayan/TaskGo/handlers/url_handler.go:47.21,48.30 1 1
github.com/hasan-kayan/TaskGo/handlers/url_handler.go:49.13,51.30 2 0
github.com/hasan-kayan/TaskGo/handlers/url_handler.go:52.10,54.9 2 0
github.com/hasan-kayan/TaskGo/handlers/url_handler.go:57.2,57.70 1 1
github.com/hasan-kayan/TaskGo/handlers/url_handler.go:60.33,64.2 3 1
github.com/hasan-kayan/TaskGo/handlers/url_handler.go:66.35,70.2 3 1
github.com/hasan-kayan/TaskGo/middleware/logger.go:10.31,11.30 1 1
github.com/hasan-kayan/TaskGo/middleware/logger.go:11.30,23.3 4 1
github.com/hasan-kayan/TaskGo/middleware/rate_limiter.go:26.42,31.13 4 1
github.com/hasan-kayan/TaskGo/middleware/rate_limiter.go:31.13,36.3 3 1
github.com/hasan-kayan/TaskGo/middleware/rate_limiter.go:38.2,39.18 2 1
github.com/hasan-kayan/TaskGo/middleware/rate_limiter.go:43.13,44.12 1 1
github.com/hasan-kayan/TaskGo/middleware/rate_limiter.go:44.12,45.7 1 1
github.com/hasan-kayan/TaskGo/middleware/rate_limiter.go:45.7,48.32 3 1
github.com/hasan-kayan/TaskGo/middleware/rate_limiter.go:48.32,49.47 1 0
github.com/hasan-kayan/TaskGo/middleware/rate_limiter.go:49.47,51.6 1 0
github.com/hasan-kayan/TaskGo/middleware/rate_limiter.go:53.4,53.15 1 0
github.com/hasan-kayan/TaskGo/middleware/rate_limiter.go:59.36,60.30 1 1
github.com/hasan-kayan/TaskGo/middleware/rate_limiter.go:60.30,63.17 2 1
github.com/hasan-kayan/TaskGo/middleware/rate_limiter.go:63.17,65.4 1 1
github.com/hasan-kayan/TaskGo/middleware/rate_limiter.go:67.3,68.23 2 1
github.com/hasan-kayan/TaskGo/middleware/rate_limiter.go:68.23,74.4 2 1
github.com/hasan-kayan/TaskGo/middleware/rate_limiter.go:76.3,76.11 1 1
github.com/hasan-kayan/TaskGo/models/book.go:10.54,11.22 1 1
github.com/hasan-kayan/TaskGo/models/book.go:11.22,13.3 1 0
github.com/hasan-kayan/TaskGo/models/book.go:14.2,14.8 1 1
github.com/hasan-kayan/TaskGo/routes/routes.go:8.33,12.2 3 1
github.com/hasan-kayan/TaskGo/routes/routes.go:13.42,15.2 1 1
github.com/hasan-kayan/TaskGo/routes/routes.go:16.40,18.2 2 1
github.com/hasan-kayan/TaskGo/routes/routes.go:18.2,24.3 5 1
github.com/hasan-kayan/TaskGo/routes/routes.go:27.43,29.2 1 1
github.com/hasan-kayan/TaskGo/tests/test_helpers.go:11.20,12.24 1 1
github.com/hasan-kayan/TaskGo/tests/test_helpers.go:12.24,14.3 1 1
github.com/hasan-kayan/TaskGo/tests/test_helpers.go:15.2,16.16 2 1
github.com/hasan-kayan/TaskGo/tests/test_helpers.go:16.16,17.52 1 0
github.com/hasan-kayan/TaskGo/tests/test_helpers.go:20.2,23.36 2 1
github.com/hasan-kayan/TaskGo/utils/response.go:5.64,10.2 1 1
github.com/hasan-kayan/TaskGo/utils/response.go:12.60,17.2 1 1
github.com/hasan-kayan/TaskGo/utils/validation.go:11.41,13.2 1 1
